<!DOCTYPE html>

<html>
  <head>
  <meta charset='utf-8'>
  <title>TestNG reports</title>

    <link type="text/css" href="testng-reports1.css" rel="stylesheet" id="ultra" />
    <link type="text/css" href="testng-reports.css" rel="stylesheet" id="retro" disabled="false"/>
    <script type="text/javascript" src="jquery.min.js"></script>
    <script type="text/javascript" src="testng-reports.js"></script>
    <script type="text/javascript" src="https://www.google.com/jsapi"></script>
    <script type='text/javascript'>
      google.load('visualization', '1', {packages:['table']});
      google.setOnLoadCallback(drawTable);
      var suiteTableInitFunctions = new Array();
      var suiteTableData = new Array();
    </script>
    <!--
      <script type="text/javascript" src="jquery-ui/js/jquery-ui-1.8.16.custom.min.js"></script>
     -->
  </head>

  <body>
    <div class="top-banner-root">
      <span class="top-banner-title-font">Test results</span>
      <button id="button" class="button">Switch Retro Theme</button> <!-- button -->
      <br/>
      <span class="top-banner-font-1">1 suite, 11 failed tests</span>
    </div> <!-- top-banner-root -->
    <div class="navigator-root">
      <div class="navigator-suite-header">
        <span>All suites</span>
        <a href="#" title="Collapse/expand all the suites" class="collapse-all-link">
          <img src="collapseall.gif" class="collapse-all-icon">
          </img> <!-- collapse-all-icon -->
        </a> <!-- collapse-all-link -->
      </div> <!-- navigator-suite-header -->
      <div class="suite">
        <div class="rounded-window">
          <div class="suite-header light-rounded-window-top">
            <a href="#" panel-name="suite-Failed_suite__Failed_suite__Suite__" class="navigator-link">
              <span class="suite-name border-failed">Failed suite [Failed suite [Suite]]</span>
            </a> <!-- navigator-link -->
          </div> <!-- suite-header light-rounded-window-top -->
          <div class="navigator-suite-content">
            <div class="suite-section-title">
              <span>Info</span>
            </div> <!-- suite-section-title -->
            <div class="suite-section-content">
              <ul>
                <li>
                  <a href="#" panel-name="test-xml-Failed_suite__Failed_suite__Suite__" class="navigator-link ">
                    <span>D:\MITESH\Eligibility check\IT-Policy-automation\test-output\testng-failed.xml</span>
                  </a> <!-- navigator-link  -->
                </li>
                <li>
                  <a href="#" panel-name="testlist-Failed_suite__Failed_suite__Suite__" class="navigator-link ">
                    <span class="test-stats">1 test</span>
                  </a> <!-- navigator-link  -->
                </li>
                <li>
                  <a href="#" panel-name="group-Failed_suite__Failed_suite__Suite__" class="navigator-link ">
                    <span>0 groups</span>
                  </a> <!-- navigator-link  -->
                </li>
                <li>
                  <a href="#" panel-name="times-Failed_suite__Failed_suite__Suite__" class="navigator-link ">
                    <span>Times</span>
                  </a> <!-- navigator-link  -->
                </li>
                <li>
                  <a href="#" panel-name="reporter-Failed_suite__Failed_suite__Suite__" class="navigator-link ">
                    <span>Reporter output</span>
                  </a> <!-- navigator-link  -->
                </li>
                <li>
                  <a href="#" panel-name="ignored-methods-Failed_suite__Failed_suite__Suite__" class="navigator-link ">
                    <span>Ignored methods</span>
                  </a> <!-- navigator-link  -->
                </li>
                <li>
                  <a href="#" panel-name="chronological-Failed_suite__Failed_suite__Suite__" class="navigator-link ">
                    <span>Chronological view</span>
                  </a> <!-- navigator-link  -->
                </li>
              </ul>
            </div> <!-- suite-section-content -->
            <div class="result-section">
              <div class="suite-section-title">
                <span>Results</span>
              </div> <!-- suite-section-title -->
              <div class="suite-section-content">
                <ul>
                  <li>
                    <span class="method-stats">21 methods, 11 failed,   10 passed</span>
                  </li>
                  <li>
                    <span class="method-list-title failed">Failed methods</span>
                    <span class="show-or-hide-methods failed">
                      <a href="#" panel-name="suite-Failed_suite__Failed_suite__Suite__" class="hide-methods failed suite-Failed_suite__Failed_suite__Suite__"> (hide)</a> <!-- hide-methods failed suite-Failed_suite__Failed_suite__Suite__ -->
                      <a href="#" panel-name="suite-Failed_suite__Failed_suite__Suite__" class="show-methods failed suite-Failed_suite__Failed_suite__Suite__"> (show)</a> <!-- show-methods failed suite-Failed_suite__Failed_suite__Suite__ -->
                    </span>
                    <div class="method-list-content failed suite-Failed_suite__Failed_suite__Suite__">
                      <span>
                        <img src="failed.png" width="3%"/>
                        <a href="#" panel-name="suite-Failed_suite__Failed_suite__Suite__" title="com.entry.testcases.IncorpBefore_SetcomAfter_Greaterthan2year" class="method navigator-link" hash-for-method="sc10">sc10</a> <!-- method navigator-link -->
                      </span>
                      <br/>
                      <span>
                        <img src="failed.png" width="3%"/>
                        <a href="#" panel-name="suite-Failed_suite__Failed_suite__Suite__" title="com.entry.testcases.Incorp_After_Comgreaterthan2year" class="method navigator-link" hash-for-method="sc10">sc10</a> <!-- method navigator-link -->
                      </span>
                      <br/>
                      <span>
                        <img src="failed.png" width="3%"/>
                        <a href="#" panel-name="suite-Failed_suite__Failed_suite__Suite__" title="com.entry.testcases.Outside_After_Greaterthan2year" class="method navigator-link" hash-for-method="sc10">sc10</a> <!-- method navigator-link -->
                      </span>
                      <br/>
                      <span>
                        <img src="failed.png" width="3%"/>
                        <a href="#" panel-name="suite-Failed_suite__Failed_suite__Suite__" title="com.entry.testcases.IncorpSetBefore_Comafter_Greaterthan2year" class="method navigator-link" hash-for-method="sc10">sc10</a> <!-- method navigator-link -->
                      </span>
                      <br/>
                      <span>
                        <img src="failed.png" width="3%"/>
                        <a href="#" panel-name="suite-Failed_suite__Failed_suite__Suite__" title="com.entry.testcases.Incorp_After_Comgreaterthan2year" class="method navigator-link" hash-for-method="sc7">sc7</a> <!-- method navigator-link -->
                      </span>
                      <br/>
                      <span>
                        <img src="failed.png" width="3%"/>
                        <a href="#" panel-name="suite-Failed_suite__Failed_suite__Suite__" title="com.entry.testcases.IncorpSetBefore_Comafter_Greaterthan2year" class="method navigator-link" hash-for-method="sc8">sc8</a> <!-- method navigator-link -->
                      </span>
                      <br/>
                      <span>
                        <img src="failed.png" width="3%"/>
                        <a href="#" panel-name="suite-Failed_suite__Failed_suite__Suite__" title="com.entry.testcases.Incorp_After_Comgreaterthan2year" class="method navigator-link" hash-for-method="sc8">sc8</a> <!-- method navigator-link -->
                      </span>
                      <br/>
                      <span>
                        <img src="failed.png" width="3%"/>
                        <a href="#" panel-name="suite-Failed_suite__Failed_suite__Suite__" title="com.entry.testcases.IncorpSetBefore_Comafter_Greaterthan2year" class="method navigator-link" hash-for-method="sc9">sc9</a> <!-- method navigator-link -->
                      </span>
                      <br/>
                      <span>
                        <img src="failed.png" width="3%"/>
                        <a href="#" panel-name="suite-Failed_suite__Failed_suite__Suite__" title="com.entry.testcases.Incorp_After_Comgreaterthan2year" class="method navigator-link" hash-for-method="sc9">sc9</a> <!-- method navigator-link -->
                      </span>
                      <br/>
                      <span>
                        <img src="failed.png" width="3%"/>
                        <a href="#" panel-name="suite-Failed_suite__Failed_suite__Suite__" title="com.entry.testcases.Outside_After_Greaterthan2year" class="method navigator-link" hash-for-method="sc9">sc9</a> <!-- method navigator-link -->
                      </span>
                      <br/>
                      <span>
                        <img src="failed.png" width="3%"/>
                        <a href="#" panel-name="suite-Failed_suite__Failed_suite__Suite__" title="com.entry.testcases.IncorpBefore_SetcomAfter_Greaterthan2year" class="method navigator-link" hash-for-method="sc9">sc9</a> <!-- method navigator-link -->
                      </span>
                      <br/>
                    </div> <!-- method-list-content failed suite-Failed_suite__Failed_suite__Suite__ -->
                  </li>
                  <li>
                    <span class="method-list-title passed">Passed methods</span>
                    <span class="show-or-hide-methods passed">
                      <a href="#" panel-name="suite-Failed_suite__Failed_suite__Suite__" class="hide-methods passed suite-Failed_suite__Failed_suite__Suite__"> (hide)</a> <!-- hide-methods passed suite-Failed_suite__Failed_suite__Suite__ -->
                      <a href="#" panel-name="suite-Failed_suite__Failed_suite__Suite__" class="show-methods passed suite-Failed_suite__Failed_suite__Suite__"> (show)</a> <!-- show-methods passed suite-Failed_suite__Failed_suite__Suite__ -->
                    </span>
                    <div class="method-list-content passed suite-Failed_suite__Failed_suite__Suite__">
                      <span>
                        <img src="passed.png" width="3%"/>
                        <a href="#" panel-name="suite-Failed_suite__Failed_suite__Suite__" title="com.entry.testcases.Newunit_Alldate_before_Expansion" class="method navigator-link" hash-for-method="sc10">sc10</a> <!-- method navigator-link -->
                      </span>
                      <br/>
                      <span>
                        <img src="passed.png" width="3%"/>
                        <a href="#" panel-name="suite-Failed_suite__Failed_suite__Suite__" title="com.entry.testcases.Incorp_After_Comgreaterthan2year" class="method navigator-link" hash-for-method="sc3">sc3</a> <!-- method navigator-link -->
                      </span>
                      <br/>
                      <span>
                        <img src="passed.png" width="3%"/>
                        <a href="#" panel-name="suite-Failed_suite__Failed_suite__Suite__" title="com.entry.testcases.IncorpBefore_SetcomAfter_Greaterthan2year" class="method navigator-link" hash-for-method="sc3">sc3</a> <!-- method navigator-link -->
                      </span>
                      <br/>
                      <span>
                        <img src="passed.png" width="3%"/>
                        <a href="#" panel-name="suite-Failed_suite__Failed_suite__Suite__" title="com.entry.testcases.IncorpSetBefore_Comafter_Greaterthan2year" class="method navigator-link" hash-for-method="sc3">sc3</a> <!-- method navigator-link -->
                      </span>
                      <br/>
                      <span>
                        <img src="passed.png" width="3%"/>
                        <a href="#" panel-name="suite-Failed_suite__Failed_suite__Suite__" title="com.entry.testcases.Newunit_Alldate_before_Expansion" class="method navigator-link" hash-for-method="sc7">sc7</a> <!-- method navigator-link -->
                      </span>
                      <br/>
                      <span>
                        <img src="passed.png" width="3%"/>
                        <a href="#" panel-name="suite-Failed_suite__Failed_suite__Suite__" title="com.entry.testcases.IncorpSetBefore_Comafter_Greaterthan2year" class="method navigator-link" hash-for-method="sc7">sc7</a> <!-- method navigator-link -->
                      </span>
                      <br/>
                      <span>
                        <img src="passed.png" width="3%"/>
                        <a href="#" panel-name="suite-Failed_suite__Failed_suite__Suite__" title="com.entry.testcases.IncorpBefore_SetcomAfter_Greaterthan2year" class="method navigator-link" hash-for-method="sc7">sc7</a> <!-- method navigator-link -->
                      </span>
                      <br/>
                      <span>
                        <img src="passed.png" width="3%"/>
                        <a href="#" panel-name="suite-Failed_suite__Failed_suite__Suite__" title="com.entry.testcases.IncorpBefore_SetcomAfter_Greaterthan2year" class="method navigator-link" hash-for-method="sc8">sc8</a> <!-- method navigator-link -->
                      </span>
                      <br/>
                      <span>
                        <img src="passed.png" width="3%"/>
                        <a href="#" panel-name="suite-Failed_suite__Failed_suite__Suite__" title="com.entry.testcases.Newunit_Alldate_before_Expansion" class="method navigator-link" hash-for-method="sc8">sc8</a> <!-- method navigator-link -->
                      </span>
                      <br/>
                      <span>
                        <img src="passed.png" width="3%"/>
                        <a href="#" panel-name="suite-Failed_suite__Failed_suite__Suite__" title="com.entry.testcases.Newunit_Alldate_before_Expansion" class="method navigator-link" hash-for-method="sc9">sc9</a> <!-- method navigator-link -->
                      </span>
                      <br/>
                    </div> <!-- method-list-content passed suite-Failed_suite__Failed_suite__Suite__ -->
                  </li>
                </ul>
              </div> <!-- suite-section-content -->
            </div> <!-- result-section -->
          </div> <!-- navigator-suite-content -->
        </div> <!-- rounded-window -->
      </div> <!-- suite -->
    </div> <!-- navigator-root -->
    <div class="wrapper">
      <div class="main-panel-root">
        <div panel-name="suite-Failed_suite__Failed_suite__Suite__" class="panel Failed_suite__Failed_suite__Suite__">
          <div class="suite-Failed_suite__Failed_suite__Suite__-class-failed">
            <div class="main-panel-header rounded-window-top">
              <img src="failed.png"/>
              <span class="class-name">com.entry.testcases.IncorpSetBefore_Comafter_Greaterthan2year</span>
            </div> <!-- main-panel-header rounded-window-top -->
            <div class="main-panel-content rounded-window-bottom">
              <div class="method">
                <div class="method-content">
                  <a name="sc10">
                  </a> <!-- sc10 -->
                  <span class="method-name">sc10</span>
                  <div class="stack-trace">org.openqa.selenium.NoSuchElementException: no such element: Unable to locate element: {&quot;method&quot;:&quot;css selector&quot;,&quot;selector&quot;:&quot;#unit_type&quot;}
  (Session info: chrome=132.0.6834.111)
For documentation on this error, please visit: https://www.selenium.dev/documentation/webdriver/troubleshooting/errors#no-such-element-exception
Build info: version: &apos;4.27.0&apos;, revision: &apos;d6e718d134&apos;
System info: os.name: &apos;Windows 11&apos;, os.arch: &apos;amd64&apos;, os.version: &apos;10.0&apos;, java.version: &apos;22.0.2&apos;
Driver info: org.openqa.selenium.chrome.ChromeDriver
Command: [375c132d60c794d5cf762616645c2bbb, findElement {using=id, value=unit_type}]
Capabilities {acceptInsecureCerts: false, browserName: chrome, browserVersion: 132.0.6834.111, chrome: {chromedriverVersion: 132.0.6834.159 (2d77d3fc445..., userDataDir: C:\Users\HP\AppData\Local\T...}, fedcm:accounts: true, goog:chromeOptions: {debuggerAddress: localhost:55291}, networkConnectionEnabled: false, pageLoadStrategy: normal, platformName: windows, proxy: Proxy(), se:cdp: ws://localhost:55291/devtoo..., se:cdpVersion: 132.0.6834.111, setWindowRect: true, strictFileInteractability: false, timeouts: {implicit: 0, pageLoad: 300000, script: 30000}, unhandledPromptBehavior: dismiss and notify, webauthn:extension:credBlob: true, webauthn:extension:largeBlob: true, webauthn:extension:minPinLength: true, webauthn:extension:prf: true, webauthn:virtualAuthenticators: true}
Session ID: 375c132d60c794d5cf762616645c2bbb
	at org.openqa.selenium.remote.ErrorCodec.decode(ErrorCodec.java:167)
	at org.openqa.selenium.remote.codec.w3c.W3CHttpResponseCodec.decode(W3CHttpResponseCodec.java:138)
	at org.openqa.selenium.remote.codec.w3c.W3CHttpResponseCodec.decode(W3CHttpResponseCodec.java:50)
	at org.openqa.selenium.remote.HttpCommandExecutor.execute(HttpCommandExecutor.java:190)
	at org.openqa.selenium.remote.service.DriverCommandExecutor.invokeExecute(DriverCommandExecutor.java:216)
	at org.openqa.selenium.remote.service.DriverCommandExecutor.execute(DriverCommandExecutor.java:174)
	at org.openqa.selenium.remote.RemoteWebDriver.execute(RemoteWebDriver.java:545)
	at org.openqa.selenium.remote.ElementLocation$ElementFinder$2.findElement(ElementLocation.java:165)
	at org.openqa.selenium.remote.ElementLocation.findElement(ElementLocation.java:59)
	at org.openqa.selenium.remote.RemoteWebDriver.findElement(RemoteWebDriver.java:368)
	at org.openqa.selenium.remote.RemoteWebDriver.findElement(RemoteWebDriver.java:362)
	at org.openqa.selenium.support.pagefactory.DefaultElementLocator.findElement(DefaultElementLocator.java:68)
	at org.openqa.selenium.support.pagefactory.internal.LocatingElementHandler.invoke(LocatingElementHandler.java:38)
	at jdk.proxy2/jdk.proxy2.$Proxy14.sendKeys(Unknown Source)
	at com.entry.pageobject.Index1.unitselection(Index1.java:366)
	at com.entry.testcases.IncorpSetBefore_Comafter_Greaterthan2year.sc10(IncorpSetBefore_Comafter_Greaterthan2year.java:574)
	at java.base/java.util.ArrayList.forEach(ArrayList.java:1597)
... Removed 28 stack frames
</div> <!-- stack-trace -->
                </div> <!-- method-content -->
              </div> <!-- method -->
              <div class="method">
                <div class="method-content">
                  <a name="sc8">
                  </a> <!-- sc8 -->
                  <span class="method-name">sc8</span>
                  <div class="stack-trace">org.openqa.selenium.NoSuchElementException: no such element: Unable to locate element: {&quot;method&quot;:&quot;xpath&quot;,&quot;selector&quot;:&quot;//*[contains(@class, &apos;datepicker-switch&apos;)]&quot;}
  (Session info: chrome=132.0.6834.111)
For documentation on this error, please visit: https://www.selenium.dev/documentation/webdriver/troubleshooting/errors#no-such-element-exception
Build info: version: &apos;4.27.0&apos;, revision: &apos;d6e718d134&apos;
System info: os.name: &apos;Windows 11&apos;, os.arch: &apos;amd64&apos;, os.version: &apos;10.0&apos;, java.version: &apos;22.0.2&apos;
Driver info: org.openqa.selenium.chrome.ChromeDriver
Command: [375c132d60c794d5cf762616645c2bbb, findElement {using=xpath, value=//*[contains(@class, &apos;datepicker-switch&apos;)]}]
Capabilities {acceptInsecureCerts: false, browserName: chrome, browserVersion: 132.0.6834.111, chrome: {chromedriverVersion: 132.0.6834.159 (2d77d3fc445..., userDataDir: C:\Users\HP\AppData\Local\T...}, fedcm:accounts: true, goog:chromeOptions: {debuggerAddress: localhost:55291}, networkConnectionEnabled: false, pageLoadStrategy: normal, platformName: windows, proxy: Proxy(), se:cdp: ws://localhost:55291/devtoo..., se:cdpVersion: 132.0.6834.111, setWindowRect: true, strictFileInteractability: false, timeouts: {implicit: 0, pageLoad: 300000, script: 30000}, unhandledPromptBehavior: dismiss and notify, webauthn:extension:credBlob: true, webauthn:extension:largeBlob: true, webauthn:extension:minPinLength: true, webauthn:extension:prf: true, webauthn:virtualAuthenticators: true}
Session ID: 375c132d60c794d5cf762616645c2bbb
	at org.openqa.selenium.remote.ErrorCodec.decode(ErrorCodec.java:167)
	at org.openqa.selenium.remote.codec.w3c.W3CHttpResponseCodec.decode(W3CHttpResponseCodec.java:138)
	at org.openqa.selenium.remote.codec.w3c.W3CHttpResponseCodec.decode(W3CHttpResponseCodec.java:50)
	at org.openqa.selenium.remote.HttpCommandExecutor.execute(HttpCommandExecutor.java:190)
	at org.openqa.selenium.remote.service.DriverCommandExecutor.invokeExecute(DriverCommandExecutor.java:216)
	at org.openqa.selenium.remote.service.DriverCommandExecutor.execute(DriverCommandExecutor.java:174)
	at org.openqa.selenium.remote.RemoteWebDriver.execute(RemoteWebDriver.java:545)
	at org.openqa.selenium.remote.ElementLocation$ElementFinder$2.findElement(ElementLocation.java:165)
	at org.openqa.selenium.remote.ElementLocation.findElement(ElementLocation.java:59)
	at org.openqa.selenium.remote.RemoteWebDriver.findElement(RemoteWebDriver.java:368)
	at org.openqa.selenium.remote.RemoteWebDriver.findElement(RemoteWebDriver.java:362)
	at com.entry.pageobject.Index1.comdate(Index1.java:248)
	at com.entry.testcases.IncorpSetBefore_Comafter_Greaterthan2year.sc8(IncorpSetBefore_Comafter_Greaterthan2year.java:440)
	at java.base/java.util.ArrayList.forEach(ArrayList.java:1597)
... Removed 28 stack frames
</div> <!-- stack-trace -->
                </div> <!-- method-content -->
              </div> <!-- method -->
              <div class="method">
                <div class="method-content">
                  <a name="sc9">
                  </a> <!-- sc9 -->
                  <span class="method-name">sc9</span>
                  <div class="stack-trace">org.openqa.selenium.NoSuchElementException: no such element: Unable to locate element: {&quot;method&quot;:&quot;xpath&quot;,&quot;selector&quot;:&quot;//*[@id=&apos;annexureoneform&apos;]/div[1]/div[4]/div[1]/label[2]/b&quot;}
  (Session info: chrome=132.0.6834.111)
For documentation on this error, please visit: https://www.selenium.dev/documentation/webdriver/troubleshooting/errors#no-such-element-exception
Build info: version: &apos;4.27.0&apos;, revision: &apos;d6e718d134&apos;
System info: os.name: &apos;Windows 11&apos;, os.arch: &apos;amd64&apos;, os.version: &apos;10.0&apos;, java.version: &apos;22.0.2&apos;
Driver info: org.openqa.selenium.chrome.ChromeDriver
Command: [375c132d60c794d5cf762616645c2bbb, findElement {using=xpath, value=//*[@id=&apos;annexureoneform&apos;]/div[1]/div[4]/div[1]/label[2]/b}]
Capabilities {acceptInsecureCerts: false, browserName: chrome, browserVersion: 132.0.6834.111, chrome: {chromedriverVersion: 132.0.6834.159 (2d77d3fc445..., userDataDir: C:\Users\HP\AppData\Local\T...}, fedcm:accounts: true, goog:chromeOptions: {debuggerAddress: localhost:55291}, networkConnectionEnabled: false, pageLoadStrategy: normal, platformName: windows, proxy: Proxy(), se:cdp: ws://localhost:55291/devtoo..., se:cdpVersion: 132.0.6834.111, setWindowRect: true, strictFileInteractability: false, timeouts: {implicit: 0, pageLoad: 300000, script: 30000}, unhandledPromptBehavior: dismiss and notify, webauthn:extension:credBlob: true, webauthn:extension:largeBlob: true, webauthn:extension:minPinLength: true, webauthn:extension:prf: true, webauthn:virtualAuthenticators: true}
Session ID: 375c132d60c794d5cf762616645c2bbb
	at org.openqa.selenium.remote.ErrorCodec.decode(ErrorCodec.java:167)
	at org.openqa.selenium.remote.codec.w3c.W3CHttpResponseCodec.decode(W3CHttpResponseCodec.java:138)
	at org.openqa.selenium.remote.codec.w3c.W3CHttpResponseCodec.decode(W3CHttpResponseCodec.java:50)
	at org.openqa.selenium.remote.HttpCommandExecutor.execute(HttpCommandExecutor.java:190)
	at org.openqa.selenium.remote.service.DriverCommandExecutor.invokeExecute(DriverCommandExecutor.java:216)
	at org.openqa.selenium.remote.service.DriverCommandExecutor.execute(DriverCommandExecutor.java:174)
	at org.openqa.selenium.remote.RemoteWebDriver.execute(RemoteWebDriver.java:545)
	at org.openqa.selenium.remote.ElementLocation$ElementFinder$2.findElement(ElementLocation.java:165)
	at org.openqa.selenium.remote.ElementLocation.findElement(ElementLocation.java:59)
	at org.openqa.selenium.remote.RemoteWebDriver.findElement(RemoteWebDriver.java:368)
	at org.openqa.selenium.remote.RemoteWebDriver.findElement(RemoteWebDriver.java:362)
	at org.openqa.selenium.support.pagefactory.DefaultElementLocator.findElement(DefaultElementLocator.java:68)
	at org.openqa.selenium.support.pagefactory.internal.LocatingElementHandler.invoke(LocatingElementHandler.java:38)
	at jdk.proxy2/jdk.proxy2.$Proxy14.getText(Unknown Source)
	at com.entry.pageobject.Index1.vrfsuceesunit(Index1.java:390)
	at com.entry.testcases.IncorpSetBefore_Comafter_Greaterthan2year.sc9(IncorpSetBefore_Comafter_Greaterthan2year.java:524)
	at java.base/java.util.ArrayList.forEach(ArrayList.java:1597)
... Removed 28 stack frames
</div> <!-- stack-trace -->
                </div> <!-- method-content -->
              </div> <!-- method -->
            </div> <!-- main-panel-content rounded-window-bottom -->
          </div> <!-- suite-Failed_suite__Failed_suite__Suite__-class-failed -->
          <div class="suite-Failed_suite__Failed_suite__Suite__-class-failed">
            <div class="main-panel-header rounded-window-top">
              <img src="failed.png"/>
              <span class="class-name">com.entry.testcases.Incorp_After_Comgreaterthan2year</span>
            </div> <!-- main-panel-header rounded-window-top -->
            <div class="main-panel-content rounded-window-bottom">
              <div class="method">
                <div class="method-content">
                  <a name="sc10">
                  </a> <!-- sc10 -->
                  <span class="method-name">sc10</span>
                  <div class="stack-trace">org.openqa.selenium.NoSuchElementException: no such element: Unable to locate element: {&quot;method&quot;:&quot;css selector&quot;,&quot;selector&quot;:&quot;#expansion_year&quot;}
  (Session info: chrome=132.0.6834.111)
For documentation on this error, please visit: https://www.selenium.dev/documentation/webdriver/troubleshooting/errors#no-such-element-exception
Build info: version: &apos;4.27.0&apos;, revision: &apos;d6e718d134&apos;
System info: os.name: &apos;Windows 11&apos;, os.arch: &apos;amd64&apos;, os.version: &apos;10.0&apos;, java.version: &apos;22.0.2&apos;
Driver info: org.openqa.selenium.chrome.ChromeDriver
Command: [2b22bc1f9e17e4019dec1c3280a7cc95, findElement {using=id, value=expansion_year}]
Capabilities {acceptInsecureCerts: false, browserName: chrome, browserVersion: 132.0.6834.111, chrome: {chromedriverVersion: 132.0.6834.159 (2d77d3fc445..., userDataDir: C:\Users\HP\AppData\Local\T...}, fedcm:accounts: true, goog:chromeOptions: {debuggerAddress: localhost:55217}, networkConnectionEnabled: false, pageLoadStrategy: normal, platformName: windows, proxy: Proxy(), se:cdp: ws://localhost:55217/devtoo..., se:cdpVersion: 132.0.6834.111, setWindowRect: true, strictFileInteractability: false, timeouts: {implicit: 0, pageLoad: 300000, script: 30000}, unhandledPromptBehavior: dismiss and notify, webauthn:extension:credBlob: true, webauthn:extension:largeBlob: true, webauthn:extension:minPinLength: true, webauthn:extension:prf: true, webauthn:virtualAuthenticators: true}
Session ID: 2b22bc1f9e17e4019dec1c3280a7cc95
	at org.openqa.selenium.remote.ErrorCodec.decode(ErrorCodec.java:167)
	at org.openqa.selenium.remote.codec.w3c.W3CHttpResponseCodec.decode(W3CHttpResponseCodec.java:138)
	at org.openqa.selenium.remote.codec.w3c.W3CHttpResponseCodec.decode(W3CHttpResponseCodec.java:50)
	at org.openqa.selenium.remote.HttpCommandExecutor.execute(HttpCommandExecutor.java:190)
	at org.openqa.selenium.remote.service.DriverCommandExecutor.invokeExecute(DriverCommandExecutor.java:216)
	at org.openqa.selenium.remote.service.DriverCommandExecutor.execute(DriverCommandExecutor.java:174)
	at org.openqa.selenium.remote.RemoteWebDriver.execute(RemoteWebDriver.java:545)
	at org.openqa.selenium.remote.ElementLocation$ElementFinder$2.findElement(ElementLocation.java:165)
	at org.openqa.selenium.remote.ElementLocation.findElement(ElementLocation.java:59)
	at org.openqa.selenium.remote.RemoteWebDriver.findElement(RemoteWebDriver.java:368)
	at org.openqa.selenium.remote.RemoteWebDriver.findElement(RemoteWebDriver.java:362)
	at org.openqa.selenium.support.pagefactory.DefaultElementLocator.findElement(DefaultElementLocator.java:68)
	at org.openqa.selenium.support.pagefactory.internal.LocatingElementHandler.invoke(LocatingElementHandler.java:38)
	at jdk.proxy2/jdk.proxy2.$Proxy14.sendKeys(Unknown Source)
	at com.entry.pageobject.Index1.Exp_Yr(Index1.java:354)
	at com.entry.testcases.Incorp_After_Comgreaterthan2year.sc10(Incorp_After_Comgreaterthan2year.java:581)
	at java.base/java.util.ArrayList.forEach(ArrayList.java:1597)
... Removed 28 stack frames
</div> <!-- stack-trace -->
                </div> <!-- method-content -->
              </div> <!-- method -->
              <div class="method">
                <div class="method-content">
                  <a name="sc7">
                  </a> <!-- sc7 -->
                  <span class="method-name">sc7</span>
                  <div class="stack-trace">org.openqa.selenium.NoSuchElementException: no such element: Unable to locate element: {&quot;method&quot;:&quot;css selector&quot;,&quot;selector&quot;:&quot;#expansion_year&quot;}
  (Session info: chrome=132.0.6834.111)
For documentation on this error, please visit: https://www.selenium.dev/documentation/webdriver/troubleshooting/errors#no-such-element-exception
Build info: version: &apos;4.27.0&apos;, revision: &apos;d6e718d134&apos;
System info: os.name: &apos;Windows 11&apos;, os.arch: &apos;amd64&apos;, os.version: &apos;10.0&apos;, java.version: &apos;22.0.2&apos;
Driver info: org.openqa.selenium.chrome.ChromeDriver
Command: [2b22bc1f9e17e4019dec1c3280a7cc95, findElement {using=id, value=expansion_year}]
Capabilities {acceptInsecureCerts: false, browserName: chrome, browserVersion: 132.0.6834.111, chrome: {chromedriverVersion: 132.0.6834.159 (2d77d3fc445..., userDataDir: C:\Users\HP\AppData\Local\T...}, fedcm:accounts: true, goog:chromeOptions: {debuggerAddress: localhost:55217}, networkConnectionEnabled: false, pageLoadStrategy: normal, platformName: windows, proxy: Proxy(), se:cdp: ws://localhost:55217/devtoo..., se:cdpVersion: 132.0.6834.111, setWindowRect: true, strictFileInteractability: false, timeouts: {implicit: 0, pageLoad: 300000, script: 30000}, unhandledPromptBehavior: dismiss and notify, webauthn:extension:credBlob: true, webauthn:extension:largeBlob: true, webauthn:extension:minPinLength: true, webauthn:extension:prf: true, webauthn:virtualAuthenticators: true}
Session ID: 2b22bc1f9e17e4019dec1c3280a7cc95
	at org.openqa.selenium.remote.ErrorCodec.decode(ErrorCodec.java:167)
	at org.openqa.selenium.remote.codec.w3c.W3CHttpResponseCodec.decode(W3CHttpResponseCodec.java:138)
	at org.openqa.selenium.remote.codec.w3c.W3CHttpResponseCodec.decode(W3CHttpResponseCodec.java:50)
	at org.openqa.selenium.remote.HttpCommandExecutor.execute(HttpCommandExecutor.java:190)
	at org.openqa.selenium.remote.service.DriverCommandExecutor.invokeExecute(DriverCommandExecutor.java:216)
	at org.openqa.selenium.remote.service.DriverCommandExecutor.execute(DriverCommandExecutor.java:174)
	at org.openqa.selenium.remote.RemoteWebDriver.execute(RemoteWebDriver.java:545)
	at org.openqa.selenium.remote.ElementLocation$ElementFinder$2.findElement(ElementLocation.java:165)
	at org.openqa.selenium.remote.ElementLocation.findElement(ElementLocation.java:59)
	at org.openqa.selenium.remote.RemoteWebDriver.findElement(RemoteWebDriver.java:368)
	at org.openqa.selenium.remote.RemoteWebDriver.findElement(RemoteWebDriver.java:362)
	at org.openqa.selenium.support.pagefactory.DefaultElementLocator.findElement(DefaultElementLocator.java:68)
	at org.openqa.selenium.support.pagefactory.internal.LocatingElementHandler.invoke(LocatingElementHandler.java:38)
	at jdk.proxy2/jdk.proxy2.$Proxy14.sendKeys(Unknown Source)
	at com.entry.pageobject.Index1.Exp_Yr(Index1.java:354)
	at com.entry.testcases.Incorp_After_Comgreaterthan2year.sc7(Incorp_After_Comgreaterthan2year.java:390)
	at java.base/java.util.ArrayList.forEach(ArrayList.java:1597)
... Removed 28 stack frames
</div> <!-- stack-trace -->
                </div> <!-- method-content -->
              </div> <!-- method -->
              <div class="method">
                <div class="method-content">
                  <a name="sc8">
                  </a> <!-- sc8 -->
                  <span class="method-name">sc8</span>
                  <div class="stack-trace">org.openqa.selenium.NoSuchElementException: no such element: Unable to locate element: {&quot;method&quot;:&quot;css selector&quot;,&quot;selector&quot;:&quot;#expansion_year&quot;}
  (Session info: chrome=132.0.6834.111)
For documentation on this error, please visit: https://www.selenium.dev/documentation/webdriver/troubleshooting/errors#no-such-element-exception
Build info: version: &apos;4.27.0&apos;, revision: &apos;d6e718d134&apos;
System info: os.name: &apos;Windows 11&apos;, os.arch: &apos;amd64&apos;, os.version: &apos;10.0&apos;, java.version: &apos;22.0.2&apos;
Driver info: org.openqa.selenium.chrome.ChromeDriver
Command: [2b22bc1f9e17e4019dec1c3280a7cc95, findElement {using=id, value=expansion_year}]
Capabilities {acceptInsecureCerts: false, browserName: chrome, browserVersion: 132.0.6834.111, chrome: {chromedriverVersion: 132.0.6834.159 (2d77d3fc445..., userDataDir: C:\Users\HP\AppData\Local\T...}, fedcm:accounts: true, goog:chromeOptions: {debuggerAddress: localhost:55217}, networkConnectionEnabled: false, pageLoadStrategy: normal, platformName: windows, proxy: Proxy(), se:cdp: ws://localhost:55217/devtoo..., se:cdpVersion: 132.0.6834.111, setWindowRect: true, strictFileInteractability: false, timeouts: {implicit: 0, pageLoad: 300000, script: 30000}, unhandledPromptBehavior: dismiss and notify, webauthn:extension:credBlob: true, webauthn:extension:largeBlob: true, webauthn:extension:minPinLength: true, webauthn:extension:prf: true, webauthn:virtualAuthenticators: true}
Session ID: 2b22bc1f9e17e4019dec1c3280a7cc95
	at org.openqa.selenium.remote.ErrorCodec.decode(ErrorCodec.java:167)
	at org.openqa.selenium.remote.codec.w3c.W3CHttpResponseCodec.decode(W3CHttpResponseCodec.java:138)
	at org.openqa.selenium.remote.codec.w3c.W3CHttpResponseCodec.decode(W3CHttpResponseCodec.java:50)
	at org.openqa.selenium.remote.HttpCommandExecutor.execute(HttpCommandExecutor.java:190)
	at org.openqa.selenium.remote.service.DriverCommandExecutor.invokeExecute(DriverCommandExecutor.java:216)
	at org.openqa.selenium.remote.service.DriverCommandExecutor.execute(DriverCommandExecutor.java:174)
	at org.openqa.selenium.remote.RemoteWebDriver.execute(RemoteWebDriver.java:545)
	at org.openqa.selenium.remote.ElementLocation$ElementFinder$2.findElement(ElementLocation.java:165)
	at org.openqa.selenium.remote.ElementLocation.findElement(ElementLocation.java:59)
	at org.openqa.selenium.remote.RemoteWebDriver.findElement(RemoteWebDriver.java:368)
	at org.openqa.selenium.remote.RemoteWebDriver.findElement(RemoteWebDriver.java:362)
	at org.openqa.selenium.support.pagefactory.DefaultElementLocator.findElement(DefaultElementLocator.java:68)
	at org.openqa.selenium.support.pagefactory.internal.LocatingElementHandler.invoke(LocatingElementHandler.java:38)
	at jdk.proxy2/jdk.proxy2.$Proxy14.sendKeys(Unknown Source)
	at com.entry.pageobject.Index1.Exp_Yr(Index1.java:354)
	at com.entry.testcases.Incorp_After_Comgreaterthan2year.sc8(Incorp_After_Comgreaterthan2year.java:449)
	at java.base/java.util.ArrayList.forEach(ArrayList.java:1597)
... Removed 28 stack frames
</div> <!-- stack-trace -->
                </div> <!-- method-content -->
              </div> <!-- method -->
              <div class="method">
                <div class="method-content">
                  <a name="sc9">
                  </a> <!-- sc9 -->
                  <span class="method-name">sc9</span>
                  <div class="stack-trace">org.openqa.selenium.NoSuchElementException: no such element: Unable to locate element: {&quot;method&quot;:&quot;css selector&quot;,&quot;selector&quot;:&quot;#expansion_year&quot;}
  (Session info: chrome=132.0.6834.111)
For documentation on this error, please visit: https://www.selenium.dev/documentation/webdriver/troubleshooting/errors#no-such-element-exception
Build info: version: &apos;4.27.0&apos;, revision: &apos;d6e718d134&apos;
System info: os.name: &apos;Windows 11&apos;, os.arch: &apos;amd64&apos;, os.version: &apos;10.0&apos;, java.version: &apos;22.0.2&apos;
Driver info: org.openqa.selenium.chrome.ChromeDriver
Command: [2b22bc1f9e17e4019dec1c3280a7cc95, findElement {using=id, value=expansion_year}]
Capabilities {acceptInsecureCerts: false, browserName: chrome, browserVersion: 132.0.6834.111, chrome: {chromedriverVersion: 132.0.6834.159 (2d77d3fc445..., userDataDir: C:\Users\HP\AppData\Local\T...}, fedcm:accounts: true, goog:chromeOptions: {debuggerAddress: localhost:55217}, networkConnectionEnabled: false, pageLoadStrategy: normal, platformName: windows, proxy: Proxy(), se:cdp: ws://localhost:55217/devtoo..., se:cdpVersion: 132.0.6834.111, setWindowRect: true, strictFileInteractability: false, timeouts: {implicit: 0, pageLoad: 300000, script: 30000}, unhandledPromptBehavior: dismiss and notify, webauthn:extension:credBlob: true, webauthn:extension:largeBlob: true, webauthn:extension:minPinLength: true, webauthn:extension:prf: true, webauthn:virtualAuthenticators: true}
Session ID: 2b22bc1f9e17e4019dec1c3280a7cc95
	at org.openqa.selenium.remote.ErrorCodec.decode(ErrorCodec.java:167)
	at org.openqa.selenium.remote.codec.w3c.W3CHttpResponseCodec.decode(W3CHttpResponseCodec.java:138)
	at org.openqa.selenium.remote.codec.w3c.W3CHttpResponseCodec.decode(W3CHttpResponseCodec.java:50)
	at org.openqa.selenium.remote.HttpCommandExecutor.execute(HttpCommandExecutor.java:190)
	at org.openqa.selenium.remote.service.DriverCommandExecutor.invokeExecute(DriverCommandExecutor.java:216)
	at org.openqa.selenium.remote.service.DriverCommandExecutor.execute(DriverCommandExecutor.java:174)
	at org.openqa.selenium.remote.RemoteWebDriver.execute(RemoteWebDriver.java:545)
	at org.openqa.selenium.remote.ElementLocation$ElementFinder$2.findElement(ElementLocation.java:165)
	at org.openqa.selenium.remote.ElementLocation.findElement(ElementLocation.java:59)
	at org.openqa.selenium.remote.RemoteWebDriver.findElement(RemoteWebDriver.java:368)
	at org.openqa.selenium.remote.RemoteWebDriver.findElement(RemoteWebDriver.java:362)
	at org.openqa.selenium.support.pagefactory.DefaultElementLocator.findElement(DefaultElementLocator.java:68)
	at org.openqa.selenium.support.pagefactory.internal.LocatingElementHandler.invoke(LocatingElementHandler.java:38)
	at jdk.proxy2/jdk.proxy2.$Proxy14.sendKeys(Unknown Source)
	at com.entry.pageobject.Index1.Exp_Yr(Index1.java:354)
	at com.entry.testcases.Incorp_After_Comgreaterthan2year.sc9(Incorp_After_Comgreaterthan2year.java:507)
	at java.base/java.util.ArrayList.forEach(ArrayList.java:1597)
... Removed 28 stack frames
</div> <!-- stack-trace -->
                </div> <!-- method-content -->
              </div> <!-- method -->
            </div> <!-- main-panel-content rounded-window-bottom -->
          </div> <!-- suite-Failed_suite__Failed_suite__Suite__-class-failed -->
          <div class="suite-Failed_suite__Failed_suite__Suite__-class-failed">
            <div class="main-panel-header rounded-window-top">
              <img src="failed.png"/>
              <span class="class-name">com.entry.testcases.Outside_After_Greaterthan2year</span>
            </div> <!-- main-panel-header rounded-window-top -->
            <div class="main-panel-content rounded-window-bottom">
              <div class="method">
                <div class="method-content">
                  <a name="sc10">
                  </a> <!-- sc10 -->
                  <span class="method-name">sc10</span>
                  <div class="stack-trace">org.openqa.selenium.NoSuchElementException: no such element: Unable to locate element: {&quot;method&quot;:&quot;css selector&quot;,&quot;selector&quot;:&quot;#expansion_year&quot;}
  (Session info: chrome=132.0.6834.111)
For documentation on this error, please visit: https://www.selenium.dev/documentation/webdriver/troubleshooting/errors#no-such-element-exception
Build info: version: &apos;4.27.0&apos;, revision: &apos;d6e718d134&apos;
System info: os.name: &apos;Windows 11&apos;, os.arch: &apos;amd64&apos;, os.version: &apos;10.0&apos;, java.version: &apos;22.0.2&apos;
Driver info: org.openqa.selenium.chrome.ChromeDriver
Command: [36fec7260bb89c9ba50b34738942646d, findElement {using=id, value=expansion_year}]
Capabilities {acceptInsecureCerts: false, browserName: chrome, browserVersion: 132.0.6834.111, chrome: {chromedriverVersion: 132.0.6834.159 (2d77d3fc445..., userDataDir: C:\Users\HP\AppData\Local\T...}, fedcm:accounts: true, goog:chromeOptions: {debuggerAddress: localhost:55687}, networkConnectionEnabled: false, pageLoadStrategy: normal, platformName: windows, proxy: Proxy(), se:cdp: ws://localhost:55687/devtoo..., se:cdpVersion: 132.0.6834.111, setWindowRect: true, strictFileInteractability: false, timeouts: {implicit: 0, pageLoad: 300000, script: 30000}, unhandledPromptBehavior: dismiss and notify, webauthn:extension:credBlob: true, webauthn:extension:largeBlob: true, webauthn:extension:minPinLength: true, webauthn:extension:prf: true, webauthn:virtualAuthenticators: true}
Session ID: 36fec7260bb89c9ba50b34738942646d
	at org.openqa.selenium.remote.ErrorCodec.decode(ErrorCodec.java:167)
	at org.openqa.selenium.remote.codec.w3c.W3CHttpResponseCodec.decode(W3CHttpResponseCodec.java:138)
	at org.openqa.selenium.remote.codec.w3c.W3CHttpResponseCodec.decode(W3CHttpResponseCodec.java:50)
	at org.openqa.selenium.remote.HttpCommandExecutor.execute(HttpCommandExecutor.java:190)
	at org.openqa.selenium.remote.service.DriverCommandExecutor.invokeExecute(DriverCommandExecutor.java:216)
	at org.openqa.selenium.remote.service.DriverCommandExecutor.execute(DriverCommandExecutor.java:174)
	at org.openqa.selenium.remote.RemoteWebDriver.execute(RemoteWebDriver.java:545)
	at org.openqa.selenium.remote.ElementLocation$ElementFinder$2.findElement(ElementLocation.java:165)
	at org.openqa.selenium.remote.ElementLocation.findElement(ElementLocation.java:59)
	at org.openqa.selenium.remote.RemoteWebDriver.findElement(RemoteWebDriver.java:368)
	at org.openqa.selenium.remote.RemoteWebDriver.findElement(RemoteWebDriver.java:362)
	at org.openqa.selenium.support.pagefactory.DefaultElementLocator.findElement(DefaultElementLocator.java:68)
	at org.openqa.selenium.support.pagefactory.internal.LocatingElementHandler.invoke(LocatingElementHandler.java:38)
	at jdk.proxy2/jdk.proxy2.$Proxy14.sendKeys(Unknown Source)
	at com.entry.pageobject.Index1.Exp_Yr(Index1.java:354)
	at com.entry.testcases.Outside_After_Greaterthan2year.sc10(Outside_After_Greaterthan2year.java:572)
	at java.base/java.util.ArrayList.forEach(ArrayList.java:1597)
... Removed 28 stack frames
</div> <!-- stack-trace -->
                </div> <!-- method-content -->
              </div> <!-- method -->
              <div class="method">
                <div class="method-content">
                  <a name="sc9">
                  </a> <!-- sc9 -->
                  <span class="method-name">sc9</span>
                  <div class="stack-trace">org.openqa.selenium.NoSuchElementException: no such element: Unable to locate element: {&quot;method&quot;:&quot;css selector&quot;,&quot;selector&quot;:&quot;#expansion_year&quot;}
  (Session info: chrome=132.0.6834.111)
For documentation on this error, please visit: https://www.selenium.dev/documentation/webdriver/troubleshooting/errors#no-such-element-exception
Build info: version: &apos;4.27.0&apos;, revision: &apos;d6e718d134&apos;
System info: os.name: &apos;Windows 11&apos;, os.arch: &apos;amd64&apos;, os.version: &apos;10.0&apos;, java.version: &apos;22.0.2&apos;
Driver info: org.openqa.selenium.chrome.ChromeDriver
Command: [36fec7260bb89c9ba50b34738942646d, findElement {using=id, value=expansion_year}]
Capabilities {acceptInsecureCerts: false, browserName: chrome, browserVersion: 132.0.6834.111, chrome: {chromedriverVersion: 132.0.6834.159 (2d77d3fc445..., userDataDir: C:\Users\HP\AppData\Local\T...}, fedcm:accounts: true, goog:chromeOptions: {debuggerAddress: localhost:55687}, networkConnectionEnabled: false, pageLoadStrategy: normal, platformName: windows, proxy: Proxy(), se:cdp: ws://localhost:55687/devtoo..., se:cdpVersion: 132.0.6834.111, setWindowRect: true, strictFileInteractability: false, timeouts: {implicit: 0, pageLoad: 300000, script: 30000}, unhandledPromptBehavior: dismiss and notify, webauthn:extension:credBlob: true, webauthn:extension:largeBlob: true, webauthn:extension:minPinLength: true, webauthn:extension:prf: true, webauthn:virtualAuthenticators: true}
Session ID: 36fec7260bb89c9ba50b34738942646d
	at org.openqa.selenium.remote.ErrorCodec.decode(ErrorCodec.java:167)
	at org.openqa.selenium.remote.codec.w3c.W3CHttpResponseCodec.decode(W3CHttpResponseCodec.java:138)
	at org.openqa.selenium.remote.codec.w3c.W3CHttpResponseCodec.decode(W3CHttpResponseCodec.java:50)
	at org.openqa.selenium.remote.HttpCommandExecutor.execute(HttpCommandExecutor.java:190)
	at org.openqa.selenium.remote.service.DriverCommandExecutor.invokeExecute(DriverCommandExecutor.java:216)
	at org.openqa.selenium.remote.service.DriverCommandExecutor.execute(DriverCommandExecutor.java:174)
	at org.openqa.selenium.remote.RemoteWebDriver.execute(RemoteWebDriver.java:545)
	at org.openqa.selenium.remote.ElementLocation$ElementFinder$2.findElement(ElementLocation.java:165)
	at org.openqa.selenium.remote.ElementLocation.findElement(ElementLocation.java:59)
	at org.openqa.selenium.remote.RemoteWebDriver.findElement(RemoteWebDriver.java:368)
	at org.openqa.selenium.remote.RemoteWebDriver.findElement(RemoteWebDriver.java:362)
	at org.openqa.selenium.support.pagefactory.DefaultElementLocator.findElement(DefaultElementLocator.java:68)
	at org.openqa.selenium.support.pagefactory.internal.LocatingElementHandler.invoke(LocatingElementHandler.java:38)
	at jdk.proxy2/jdk.proxy2.$Proxy14.sendKeys(Unknown Source)
	at com.entry.pageobject.Index1.Exp_Yr(Index1.java:354)
	at com.entry.testcases.Outside_After_Greaterthan2year.sc9(Outside_After_Greaterthan2year.java:499)
	at java.base/java.util.ArrayList.forEach(ArrayList.java:1597)
... Removed 28 stack frames
</div> <!-- stack-trace -->
                </div> <!-- method-content -->
              </div> <!-- method -->
            </div> <!-- main-panel-content rounded-window-bottom -->
          </div> <!-- suite-Failed_suite__Failed_suite__Suite__-class-failed -->
          <div class="suite-Failed_suite__Failed_suite__Suite__-class-failed">
            <div class="main-panel-header rounded-window-top">
              <img src="failed.png"/>
              <span class="class-name">com.entry.testcases.IncorpBefore_SetcomAfter_Greaterthan2year</span>
            </div> <!-- main-panel-header rounded-window-top -->
            <div class="main-panel-content rounded-window-bottom">
              <div class="method">
                <div class="method-content">
                  <a name="sc10">
                  </a> <!-- sc10 -->
                  <span class="method-name">sc10</span>
                  <div class="stack-trace">org.openqa.selenium.NoSuchElementException: no such element: Unable to locate element: {&quot;method&quot;:&quot;css selector&quot;,&quot;selector&quot;:&quot;#unit_type&quot;}
  (Session info: chrome=132.0.6834.111)
For documentation on this error, please visit: https://www.selenium.dev/documentation/webdriver/troubleshooting/errors#no-such-element-exception
Build info: version: &apos;4.27.0&apos;, revision: &apos;d6e718d134&apos;
System info: os.name: &apos;Windows 11&apos;, os.arch: &apos;amd64&apos;, os.version: &apos;10.0&apos;, java.version: &apos;22.0.2&apos;
Driver info: org.openqa.selenium.chrome.ChromeDriver
Command: [c0986adba828d2c9d4dada9b75901a61, findElement {using=id, value=unit_type}]
Capabilities {acceptInsecureCerts: false, browserName: chrome, browserVersion: 132.0.6834.111, chrome: {chromedriverVersion: 132.0.6834.159 (2d77d3fc445..., userDataDir: C:\Users\HP\AppData\Local\T...}, fedcm:accounts: true, goog:chromeOptions: {debuggerAddress: localhost:64100}, networkConnectionEnabled: false, pageLoadStrategy: normal, platformName: windows, proxy: Proxy(), se:cdp: ws://localhost:64100/devtoo..., se:cdpVersion: 132.0.6834.111, setWindowRect: true, strictFileInteractability: false, timeouts: {implicit: 0, pageLoad: 300000, script: 30000}, unhandledPromptBehavior: dismiss and notify, webauthn:extension:credBlob: true, webauthn:extension:largeBlob: true, webauthn:extension:minPinLength: true, webauthn:extension:prf: true, webauthn:virtualAuthenticators: true}
Session ID: c0986adba828d2c9d4dada9b75901a61
	at org.openqa.selenium.remote.ErrorCodec.decode(ErrorCodec.java:167)
	at org.openqa.selenium.remote.codec.w3c.W3CHttpResponseCodec.decode(W3CHttpResponseCodec.java:138)
	at org.openqa.selenium.remote.codec.w3c.W3CHttpResponseCodec.decode(W3CHttpResponseCodec.java:50)
	at org.openqa.selenium.remote.HttpCommandExecutor.execute(HttpCommandExecutor.java:190)
	at org.openqa.selenium.remote.service.DriverCommandExecutor.invokeExecute(DriverCommandExecutor.java:216)
	at org.openqa.selenium.remote.service.DriverCommandExecutor.execute(DriverCommandExecutor.java:174)
	at org.openqa.selenium.remote.RemoteWebDriver.execute(RemoteWebDriver.java:545)
	at org.openqa.selenium.remote.ElementLocation$ElementFinder$2.findElement(ElementLocation.java:165)
	at org.openqa.selenium.remote.ElementLocation.findElement(ElementLocation.java:59)
	at org.openqa.selenium.remote.RemoteWebDriver.findElement(RemoteWebDriver.java:368)
	at org.openqa.selenium.remote.RemoteWebDriver.findElement(RemoteWebDriver.java:362)
	at org.openqa.selenium.support.pagefactory.DefaultElementLocator.findElement(DefaultElementLocator.java:68)
	at org.openqa.selenium.support.pagefactory.internal.LocatingElementHandler.invoke(LocatingElementHandler.java:38)
	at jdk.proxy2/jdk.proxy2.$Proxy14.sendKeys(Unknown Source)
	at com.entry.pageobject.Index1.unitselection(Index1.java:366)
	at com.entry.testcases.IncorpBefore_SetcomAfter_Greaterthan2year.sc10(IncorpBefore_SetcomAfter_Greaterthan2year.java:572)
	at java.base/java.util.ArrayList.forEach(ArrayList.java:1597)
... Removed 28 stack frames
</div> <!-- stack-trace -->
                </div> <!-- method-content -->
              </div> <!-- method -->
              <div class="method">
                <div class="method-content">
                  <a name="sc9">
                  </a> <!-- sc9 -->
                  <span class="method-name">sc9</span>
                  <div class="stack-trace">org.openqa.selenium.NoSuchElementException: no such element: Unable to locate element: {&quot;method&quot;:&quot;xpath&quot;,&quot;selector&quot;:&quot;//*[@id=&apos;annexureoneform&apos;]/div[1]/div[4]/div[1]/label[2]/b&quot;}
  (Session info: chrome=132.0.6834.111)
For documentation on this error, please visit: https://www.selenium.dev/documentation/webdriver/troubleshooting/errors#no-such-element-exception
Build info: version: &apos;4.27.0&apos;, revision: &apos;d6e718d134&apos;
System info: os.name: &apos;Windows 11&apos;, os.arch: &apos;amd64&apos;, os.version: &apos;10.0&apos;, java.version: &apos;22.0.2&apos;
Driver info: org.openqa.selenium.chrome.ChromeDriver
Command: [c0986adba828d2c9d4dada9b75901a61, findElement {using=xpath, value=//*[@id=&apos;annexureoneform&apos;]/div[1]/div[4]/div[1]/label[2]/b}]
Capabilities {acceptInsecureCerts: false, browserName: chrome, browserVersion: 132.0.6834.111, chrome: {chromedriverVersion: 132.0.6834.159 (2d77d3fc445..., userDataDir: C:\Users\HP\AppData\Local\T...}, fedcm:accounts: true, goog:chromeOptions: {debuggerAddress: localhost:64100}, networkConnectionEnabled: false, pageLoadStrategy: normal, platformName: windows, proxy: Proxy(), se:cdp: ws://localhost:64100/devtoo..., se:cdpVersion: 132.0.6834.111, setWindowRect: true, strictFileInteractability: false, timeouts: {implicit: 0, pageLoad: 300000, script: 30000}, unhandledPromptBehavior: dismiss and notify, webauthn:extension:credBlob: true, webauthn:extension:largeBlob: true, webauthn:extension:minPinLength: true, webauthn:extension:prf: true, webauthn:virtualAuthenticators: true}
Session ID: c0986adba828d2c9d4dada9b75901a61
	at org.openqa.selenium.remote.ErrorCodec.decode(ErrorCodec.java:167)
	at org.openqa.selenium.remote.codec.w3c.W3CHttpResponseCodec.decode(W3CHttpResponseCodec.java:138)
	at org.openqa.selenium.remote.codec.w3c.W3CHttpResponseCodec.decode(W3CHttpResponseCodec.java:50)
	at org.openqa.selenium.remote.HttpCommandExecutor.execute(HttpCommandExecutor.java:190)
	at org.openqa.selenium.remote.service.DriverCommandExecutor.invokeExecute(DriverCommandExecutor.java:216)
	at org.openqa.selenium.remote.service.DriverCommandExecutor.execute(DriverCommandExecutor.java:174)
	at org.openqa.selenium.remote.RemoteWebDriver.execute(RemoteWebDriver.java:545)
	at org.openqa.selenium.remote.ElementLocation$ElementFinder$2.findElement(ElementLocation.java:165)
	at org.openqa.selenium.remote.ElementLocation.findElement(ElementLocation.java:59)
	at org.openqa.selenium.remote.RemoteWebDriver.findElement(RemoteWebDriver.java:368)
	at org.openqa.selenium.remote.RemoteWebDriver.findElement(RemoteWebDriver.java:362)
	at org.openqa.selenium.support.pagefactory.DefaultElementLocator.findElement(DefaultElementLocator.java:68)
	at org.openqa.selenium.support.pagefactory.internal.LocatingElementHandler.invoke(LocatingElementHandler.java:38)
	at jdk.proxy2/jdk.proxy2.$Proxy14.getText(Unknown Source)
	at com.entry.pageobject.Index1.vrfsuceesunit(Index1.java:390)
	at com.entry.testcases.IncorpBefore_SetcomAfter_Greaterthan2year.sc9(IncorpBefore_SetcomAfter_Greaterthan2year.java:522)
	at java.base/java.util.ArrayList.forEach(ArrayList.java:1597)
... Removed 28 stack frames
</div> <!-- stack-trace -->
                </div> <!-- method-content -->
              </div> <!-- method -->
            </div> <!-- main-panel-content rounded-window-bottom -->
          </div> <!-- suite-Failed_suite__Failed_suite__Suite__-class-failed -->
          <div class="suite-Failed_suite__Failed_suite__Suite__-class-passed">
            <div class="main-panel-header rounded-window-top">
              <img src="passed.png"/>
              <span class="class-name">com.entry.testcases.IncorpSetBefore_Comafter_Greaterthan2year</span>
            </div> <!-- main-panel-header rounded-window-top -->
            <div class="main-panel-content rounded-window-bottom">
              <div class="method">
                <div class="method-content">
                  <a name="sc3">
                  </a> <!-- sc3 -->
                  <span class="method-name">sc3</span>
                </div> <!-- method-content -->
              </div> <!-- method -->
              <div class="method">
                <div class="method-content">
                  <a name="sc7">
                  </a> <!-- sc7 -->
                  <span class="method-name">sc7</span>
                </div> <!-- method-content -->
              </div> <!-- method -->
            </div> <!-- main-panel-content rounded-window-bottom -->
          </div> <!-- suite-Failed_suite__Failed_suite__Suite__-class-passed -->
          <div class="suite-Failed_suite__Failed_suite__Suite__-class-passed">
            <div class="main-panel-header rounded-window-top">
              <img src="passed.png"/>
              <span class="class-name">com.entry.testcases.Incorp_After_Comgreaterthan2year</span>
            </div> <!-- main-panel-header rounded-window-top -->
            <div class="main-panel-content rounded-window-bottom">
              <div class="method">
                <div class="method-content">
                  <a name="sc3">
                  </a> <!-- sc3 -->
                  <span class="method-name">sc3</span>
                </div> <!-- method-content -->
              </div> <!-- method -->
            </div> <!-- main-panel-content rounded-window-bottom -->
          </div> <!-- suite-Failed_suite__Failed_suite__Suite__-class-passed -->
          <div class="suite-Failed_suite__Failed_suite__Suite__-class-passed">
            <div class="main-panel-header rounded-window-top">
              <img src="passed.png"/>
              <span class="class-name">com.entry.testcases.Newunit_Alldate_before_Expansion</span>
            </div> <!-- main-panel-header rounded-window-top -->
            <div class="main-panel-content rounded-window-bottom">
              <div class="method">
                <div class="method-content">
                  <a name="sc10">
                  </a> <!-- sc10 -->
                  <span class="method-name">sc10</span>
                </div> <!-- method-content -->
              </div> <!-- method -->
              <div class="method">
                <div class="method-content">
                  <a name="sc7">
                  </a> <!-- sc7 -->
                  <span class="method-name">sc7</span>
                </div> <!-- method-content -->
              </div> <!-- method -->
              <div class="method">
                <div class="method-content">
                  <a name="sc8">
                  </a> <!-- sc8 -->
                  <span class="method-name">sc8</span>
                </div> <!-- method-content -->
              </div> <!-- method -->
              <div class="method">
                <div class="method-content">
                  <a name="sc9">
                  </a> <!-- sc9 -->
                  <span class="method-name">sc9</span>
                </div> <!-- method-content -->
              </div> <!-- method -->
            </div> <!-- main-panel-content rounded-window-bottom -->
          </div> <!-- suite-Failed_suite__Failed_suite__Suite__-class-passed -->
          <div class="suite-Failed_suite__Failed_suite__Suite__-class-passed">
            <div class="main-panel-header rounded-window-top">
              <img src="passed.png"/>
              <span class="class-name">com.entry.testcases.IncorpBefore_SetcomAfter_Greaterthan2year</span>
            </div> <!-- main-panel-header rounded-window-top -->
            <div class="main-panel-content rounded-window-bottom">
              <div class="method">
                <div class="method-content">
                  <a name="sc3">
                  </a> <!-- sc3 -->
                  <span class="method-name">sc3</span>
                </div> <!-- method-content -->
              </div> <!-- method -->
              <div class="method">
                <div class="method-content">
                  <a name="sc7">
                  </a> <!-- sc7 -->
                  <span class="method-name">sc7</span>
                </div> <!-- method-content -->
              </div> <!-- method -->
              <div class="method">
                <div class="method-content">
                  <a name="sc8">
                  </a> <!-- sc8 -->
                  <span class="method-name">sc8</span>
                </div> <!-- method-content -->
              </div> <!-- method -->
            </div> <!-- main-panel-content rounded-window-bottom -->
          </div> <!-- suite-Failed_suite__Failed_suite__Suite__-class-passed -->
        </div> <!-- panel Failed_suite__Failed_suite__Suite__ -->
        <div panel-name="test-xml-Failed_suite__Failed_suite__Suite__" class="panel">
          <div class="main-panel-header rounded-window-top">
            <span class="header-content">D:\MITESH\Eligibility check\IT-Policy-automation\test-output\testng-failed.xml</span>
          </div> <!-- main-panel-header rounded-window-top -->
          <div class="main-panel-content rounded-window-bottom">
            <pre>
&lt;?xml version=&quot;1.0&quot; encoding=&quot;UTF-8&quot;?&gt;
&lt;!DOCTYPE suite SYSTEM &quot;https://testng.org/testng-1.0.dtd&quot;&gt;
&lt;suite name=&quot;Failed suite [Failed suite [Suite]]&quot; guice-stage=&quot;DEVELOPMENT&quot;&gt;
  &lt;listeners&gt;
    &lt;listener class-name=&quot;com.entry.util.Extentreport&quot;/&gt;
  &lt;/listeners&gt;
  &lt;test thread-count=&quot;5&quot; name=&quot;Test(failed)(failed)&quot;&gt;
    &lt;classes&gt;
      &lt;class name=&quot;com.entry.testcases.Incorp_After_Comgreaterthan2year&quot;&gt;
        &lt;methods&gt;
          &lt;include name=&quot;sc9&quot;/&gt;
          &lt;include name=&quot;setup&quot;/&gt;
          &lt;include name=&quot;sc10&quot;/&gt;
          &lt;include name=&quot;sc8&quot;/&gt;
          &lt;include name=&quot;sc7&quot;/&gt;
          &lt;include name=&quot;tear&quot;/&gt;
          &lt;include name=&quot;sc3&quot;/&gt;
        &lt;/methods&gt;
      &lt;/class&gt; &lt;!-- com.entry.testcases.Incorp_After_Comgreaterthan2year --&gt;
      &lt;class name=&quot;com.entry.testcases.Newunit_Alldate_before_Expansion&quot;&gt;
        &lt;methods&gt;
          &lt;include name=&quot;sc9&quot;/&gt;
          &lt;include name=&quot;setup&quot;/&gt;
          &lt;include name=&quot;sc10&quot;/&gt;
          &lt;include name=&quot;sc8&quot;/&gt;
          &lt;include name=&quot;sc7&quot;/&gt;
          &lt;include name=&quot;tear&quot;/&gt;
        &lt;/methods&gt;
      &lt;/class&gt; &lt;!-- com.entry.testcases.Newunit_Alldate_before_Expansion --&gt;
      &lt;class name=&quot;com.entry.testcases.Outside_After_Greaterthan2year&quot;&gt;
        &lt;methods&gt;
          &lt;include name=&quot;sc9&quot;/&gt;
          &lt;include name=&quot;setup&quot;/&gt;
          &lt;include name=&quot;tear&quot;/&gt;
          &lt;include name=&quot;sc10&quot;/&gt;
        &lt;/methods&gt;
      &lt;/class&gt; &lt;!-- com.entry.testcases.Outside_After_Greaterthan2year --&gt;
      &lt;class name=&quot;com.entry.testcases.IncorpSetBefore_Comafter_Greaterthan2year&quot;&gt;
        &lt;methods&gt;
          &lt;include name=&quot;sc3&quot;/&gt;
          &lt;include name=&quot;sc7&quot;/&gt;
          &lt;include name=&quot;setup&quot;/&gt;
          &lt;include name=&quot;sc10&quot;/&gt;
          &lt;include name=&quot;sc8&quot;/&gt;
          &lt;include name=&quot;tear&quot;/&gt;
          &lt;include name=&quot;sc9&quot;/&gt;
        &lt;/methods&gt;
      &lt;/class&gt; &lt;!-- com.entry.testcases.IncorpSetBefore_Comafter_Greaterthan2year --&gt;
      &lt;class name=&quot;com.entry.testcases.IncorpBefore_SetcomAfter_Greaterthan2year&quot;&gt;
        &lt;methods&gt;
          &lt;include name=&quot;sc10&quot;/&gt;
          &lt;include name=&quot;sc8&quot;/&gt;
          &lt;include name=&quot;setup&quot;/&gt;
          &lt;include name=&quot;sc7&quot;/&gt;
          &lt;include name=&quot;sc9&quot;/&gt;
          &lt;include name=&quot;sc3&quot;/&gt;
          &lt;include name=&quot;tear&quot;/&gt;
        &lt;/methods&gt;
      &lt;/class&gt; &lt;!-- com.entry.testcases.IncorpBefore_SetcomAfter_Greaterthan2year --&gt;
    &lt;/classes&gt;
  &lt;/test&gt; &lt;!-- Test(failed)(failed) --&gt;
&lt;/suite&gt; &lt;!-- Failed suite [Failed suite [Suite]] --&gt;
            </pre>
          </div> <!-- main-panel-content rounded-window-bottom -->
        </div> <!-- panel -->
        <div panel-name="testlist-Failed_suite__Failed_suite__Suite__" class="panel">
          <div class="main-panel-header rounded-window-top">
            <span class="header-content">Tests for Failed suite [Failed suite [Suite]]</span>
          </div> <!-- main-panel-header rounded-window-top -->
          <div class="main-panel-content rounded-window-bottom">
            <ul>
              <li>
                <span class="test-name">Test(failed)(failed) (5 classes)</span>
              </li>
            </ul>
          </div> <!-- main-panel-content rounded-window-bottom -->
        </div> <!-- panel -->
        <div panel-name="group-Failed_suite__Failed_suite__Suite__" class="panel">
          <div class="main-panel-header rounded-window-top">
            <span class="header-content">Groups for Failed suite [Failed suite [Suite]]</span>
          </div> <!-- main-panel-header rounded-window-top -->
          <div class="main-panel-content rounded-window-bottom">
          </div> <!-- main-panel-content rounded-window-bottom -->
        </div> <!-- panel -->
        <div panel-name="times-Failed_suite__Failed_suite__Suite__" class="panel">
          <div class="main-panel-header rounded-window-top">
            <span class="header-content">Times for Failed suite [Failed suite [Suite]]</span>
          </div> <!-- main-panel-header rounded-window-top -->
          <div class="main-panel-content rounded-window-bottom">
            <div class="times-div">
              <script type="text/javascript">
suiteTableInitFunctions.push('tableData_Failed_suite__Failed_suite__Suite__');
function tableData_Failed_suite__Failed_suite__Suite__() {
var data = new google.visualization.DataTable();
data.addColumn('number', 'Number');
data.addColumn('string', 'Method');
data.addColumn('string', 'Class');
data.addColumn('number', 'Time (ms)');
data.addRows(21);
data.setCell(0, 0, 0)
data.setCell(0, 1, 'sc9')
data.setCell(0, 2, 'com.entry.testcases.Newunit_Alldate_before_Expansion')
data.setCell(0, 3, 94175);
data.setCell(1, 0, 1)
data.setCell(1, 1, 'sc9')
data.setCell(1, 2, 'com.entry.testcases.IncorpBefore_SetcomAfter_Greaterthan2year')
data.setCell(1, 3, 91237);
data.setCell(2, 0, 2)
data.setCell(2, 1, 'sc8')
data.setCell(2, 2, 'com.entry.testcases.Newunit_Alldate_before_Expansion')
data.setCell(2, 3, 90351);
data.setCell(3, 0, 3)
data.setCell(3, 1, 'sc9')
data.setCell(3, 2, 'com.entry.testcases.IncorpSetBefore_Comafter_Greaterthan2year')
data.setCell(3, 3, 88873);
data.setCell(4, 0, 4)
data.setCell(4, 1, 'sc7')
data.setCell(4, 2, 'com.entry.testcases.IncorpBefore_SetcomAfter_Greaterthan2year')
data.setCell(4, 3, 81851);
data.setCell(5, 0, 5)
data.setCell(5, 1, 'sc10')
data.setCell(5, 2, 'com.entry.testcases.Newunit_Alldate_before_Expansion')
data.setCell(5, 3, 81176);
data.setCell(6, 0, 6)
data.setCell(6, 1, 'sc8')
data.setCell(6, 2, 'com.entry.testcases.IncorpBefore_SetcomAfter_Greaterthan2year')
data.setCell(6, 3, 81152);
data.setCell(7, 0, 7)
data.setCell(7, 1, 'sc3')
data.setCell(7, 2, 'com.entry.testcases.Incorp_After_Comgreaterthan2year')
data.setCell(7, 3, 78500);
data.setCell(8, 0, 8)
data.setCell(8, 1, 'sc7')
data.setCell(8, 2, 'com.entry.testcases.Newunit_Alldate_before_Expansion')
data.setCell(8, 3, 75987);
data.setCell(9, 0, 9)
data.setCell(9, 1, 'sc7')
data.setCell(9, 2, 'com.entry.testcases.IncorpSetBefore_Comafter_Greaterthan2year')
data.setCell(9, 3, 74898);
data.setCell(10, 0, 10)
data.setCell(10, 1, 'sc8')
data.setCell(10, 2, 'com.entry.testcases.Incorp_After_Comgreaterthan2year')
data.setCell(10, 3, 74650);
data.setCell(11, 0, 11)
data.setCell(11, 1, 'sc3')
data.setCell(11, 2, 'com.entry.testcases.IncorpSetBefore_Comafter_Greaterthan2year')
data.setCell(11, 3, 74020);
data.setCell(12, 0, 12)
data.setCell(12, 1, 'sc3')
data.setCell(12, 2, 'com.entry.testcases.IncorpBefore_SetcomAfter_Greaterthan2year')
data.setCell(12, 3, 72232);
data.setCell(13, 0, 13)
data.setCell(13, 1, 'sc9')
data.setCell(13, 2, 'com.entry.testcases.Incorp_After_Comgreaterthan2year')
data.setCell(13, 3, 68118);
data.setCell(14, 0, 14)
data.setCell(14, 1, 'sc7')
data.setCell(14, 2, 'com.entry.testcases.Incorp_After_Comgreaterthan2year')
data.setCell(14, 3, 68089);
data.setCell(15, 0, 15)
data.setCell(15, 1, 'sc10')
data.setCell(15, 2, 'com.entry.testcases.Incorp_After_Comgreaterthan2year')
data.setCell(15, 3, 65463);
data.setCell(16, 0, 16)
data.setCell(16, 1, 'sc9')
data.setCell(16, 2, 'com.entry.testcases.Outside_After_Greaterthan2year')
data.setCell(16, 3, 64725);
data.setCell(17, 0, 17)
data.setCell(17, 1, 'sc10')
data.setCell(17, 2, 'com.entry.testcases.IncorpSetBefore_Comafter_Greaterthan2year')
data.setCell(17, 3, 63465);
data.setCell(18, 0, 18)
data.setCell(18, 1, 'sc10')
data.setCell(18, 2, 'com.entry.testcases.IncorpBefore_SetcomAfter_Greaterthan2year')
data.setCell(18, 3, 62786);
data.setCell(19, 0, 19)
data.setCell(19, 1, 'sc10')
data.setCell(19, 2, 'com.entry.testcases.Outside_After_Greaterthan2year')
data.setCell(19, 3, 60825);
data.setCell(20, 0, 20)
data.setCell(20, 1, 'sc8')
data.setCell(20, 2, 'com.entry.testcases.IncorpSetBefore_Comafter_Greaterthan2year')
data.setCell(20, 3, 56955);
window.suiteTableData['Failed_suite__Failed_suite__Suite__']= { tableData: data, tableDiv: 'times-div-Failed_suite__Failed_suite__Suite__'}
return data;
}
              </script>
              <span class="suite-total-time">Total running time: 26 minutes</span>
              <div id="times-div-Failed_suite__Failed_suite__Suite__">
              </div> <!-- times-div-Failed_suite__Failed_suite__Suite__ -->
            </div> <!-- times-div -->
          </div> <!-- main-panel-content rounded-window-bottom -->
        </div> <!-- panel -->
        <div panel-name="reporter-Failed_suite__Failed_suite__Suite__" class="panel">
          <div class="main-panel-header rounded-window-top">
            <span class="header-content">Reporter output for Failed suite [Failed suite [Suite]]</span>
          </div> <!-- main-panel-header rounded-window-top -->
          <div class="main-panel-content rounded-window-bottom">
          </div> <!-- main-panel-content rounded-window-bottom -->
        </div> <!-- panel -->
        <div panel-name="ignored-methods-Failed_suite__Failed_suite__Suite__" class="panel">
          <div class="main-panel-header rounded-window-top">
            <span class="header-content">23 ignored methods</span>
          </div> <!-- main-panel-header rounded-window-top -->
          <div class="main-panel-content rounded-window-bottom">
            <div class="ignored-class-div">
              <span class="ignored-class-name">com.entry.testcases.Incorp_After_Comgreaterthan2year</span>
              <div class="ignored-methods-div">
                <span class="ignored-method-name">sc1</span>
                <br/>
                <span class="ignored-method-name">sc2</span>
                <br/>
                <span class="ignored-method-name">sc4</span>
                <br/>
                <span class="ignored-method-name">sc5</span>
                <br/>
                <span class="ignored-method-name">sc6</span>
                <br/>
              </div> <!-- ignored-methods-div -->
            </div> <!-- ignored-class-div -->
            <div class="ignored-class-div">
              <span class="ignored-class-name">com.entry.testcases.IncorpSetBefore_Comafter_Greaterthan2year</span>
              <div class="ignored-methods-div">
                <span class="ignored-method-name">sc5</span>
                <br/>
                <span class="ignored-method-name">sc4</span>
                <br/>
                <span class="ignored-method-name">sc6</span>
                <br/>
                <span class="ignored-method-name">sc1</span>
                <br/>
                <span class="ignored-method-name">sc2</span>
                <br/>
              </div> <!-- ignored-methods-div -->
            </div> <!-- ignored-class-div -->
            <div class="ignored-class-div">
              <span class="ignored-class-name">com.entry.testcases.Outside_After_Greaterthan2year</span>
              <div class="ignored-methods-div">
                <span class="ignored-method-name">sc1</span>
                <br/>
                <span class="ignored-method-name">sc5</span>
                <br/>
                <span class="ignored-method-name">sc4</span>
                <br/>
                <span class="ignored-method-name">sc3</span>
                <br/>
                <span class="ignored-method-name">sc2</span>
                <br/>
                <span class="ignored-method-name">sc8</span>
                <br/>
                <span class="ignored-method-name">sc7</span>
                <br/>
                <span class="ignored-method-name">sc6</span>
                <br/>
              </div> <!-- ignored-methods-div -->
            </div> <!-- ignored-class-div -->
            <div class="ignored-class-div">
              <span class="ignored-class-name">com.entry.testcases.IncorpBefore_SetcomAfter_Greaterthan2year</span>
              <div class="ignored-methods-div">
                <span class="ignored-method-name">sc1</span>
                <br/>
                <span class="ignored-method-name">sc4</span>
                <br/>
                <span class="ignored-method-name">sc6</span>
                <br/>
                <span class="ignored-method-name">sc2</span>
                <br/>
                <span class="ignored-method-name">sc5</span>
                <br/>
              </div> <!-- ignored-methods-div -->
            </div> <!-- ignored-class-div -->
          </div> <!-- main-panel-content rounded-window-bottom -->
        </div> <!-- panel -->
        <div panel-name="chronological-Failed_suite__Failed_suite__Suite__" class="panel">
          <div class="main-panel-header rounded-window-top">
            <span class="header-content">Methods in chronological order</span>
          </div> <!-- main-panel-header rounded-window-top -->
          <div class="main-panel-content rounded-window-bottom">
            <div class="chronological-class">
              <div class="chronological-class-name">com.entry.testcases.Incorp_After_Comgreaterthan2year</div> <!-- chronological-class-name -->
              <div class="configuration-class before">
                <span class="method-name">setup</span>
                <span class="method-start">0 ms</span>
              </div> <!-- configuration-class before -->
              <div class="test-method">
                <span class="method-name">sc3</span>
                <span class="method-start">2012 ms</span>
              </div> <!-- test-method -->
              <div class="test-method">
                <img src="failed.png">
                </img>
                <span class="method-name">sc7</span>
                <span class="method-start">80541 ms</span>
              </div> <!-- test-method -->
              <div class="test-method">
                <img src="failed.png">
                </img>
                <span class="method-name">sc8</span>
                <span class="method-start">148761 ms</span>
              </div> <!-- test-method -->
              <div class="test-method">
                <img src="failed.png">
                </img>
                <span class="method-name">sc9</span>
                <span class="method-start">223638 ms</span>
              </div> <!-- test-method -->
              <div class="test-method">
                <img src="failed.png">
                </img>
                <span class="method-name">sc10</span>
                <span class="method-start">291892 ms</span>
              </div> <!-- test-method -->
              <div class="configuration-class after">
                <span class="method-name">tear</span>
                <span class="method-start">357557 ms</span>
              </div> <!-- configuration-class after -->
            </div> <!-- chronological-class -->
            <div class="chronological-class">
              <div class="chronological-class-name">com.entry.testcases.Newunit_Alldate_before_Expansion</div> <!-- chronological-class-name -->
              <div class="configuration-class before">
                <span class="method-name">setup</span>
                <span class="method-start">357815 ms</span>
              </div> <!-- configuration-class before -->
              <div class="test-method">
                <span class="method-name">sc7</span>
                <span class="method-start">358557 ms</span>
              </div> <!-- test-method -->
              <div class="test-method">
                <span class="method-name">sc8</span>
                <span class="method-start">434548 ms</span>
              </div> <!-- test-method -->
              <div class="test-method">
                <span class="method-name">sc9</span>
                <span class="method-start">524903 ms</span>
              </div> <!-- test-method -->
              <div class="test-method">
                <span class="method-name">sc10</span>
                <span class="method-start">619083 ms</span>
              </div> <!-- test-method -->
              <div class="configuration-class after">
                <span class="method-name">tear</span>
                <span class="method-start">700264 ms</span>
              </div> <!-- configuration-class after -->
            </div> <!-- chronological-class -->
            <div class="chronological-class">
              <div class="chronological-class-name">com.entry.testcases.Outside_After_Greaterthan2year</div> <!-- chronological-class-name -->
              <div class="configuration-class before">
                <span class="method-name">setup</span>
                <span class="method-start">700449 ms</span>
              </div> <!-- configuration-class before -->
              <div class="test-method">
                <img src="failed.png">
                </img>
                <span class="method-name">sc9</span>
                <span class="method-start">701674 ms</span>
              </div> <!-- test-method -->
              <div class="test-method">
                <img src="failed.png">
                </img>
                <span class="method-name">sc10</span>
                <span class="method-start">766545 ms</span>
              </div> <!-- test-method -->
              <div class="configuration-class after">
                <span class="method-name">tear</span>
                <span class="method-start">827495 ms</span>
              </div> <!-- configuration-class after -->
            </div> <!-- chronological-class -->
            <div class="chronological-class">
              <div class="chronological-class-name">com.entry.testcases.IncorpSetBefore_Comafter_Greaterthan2year</div> <!-- chronological-class-name -->
              <div class="configuration-class before">
                <span class="method-name">setup</span>
                <span class="method-start">827686 ms</span>
              </div> <!-- configuration-class before -->
              <div class="test-method">
                <span class="method-name">sc3</span>
                <span class="method-start">828392 ms</span>
              </div> <!-- test-method -->
              <div class="test-method">
                <span class="method-name">sc7</span>
                <span class="method-start">902413 ms</span>
              </div> <!-- test-method -->
              <div class="test-method">
                <img src="failed.png">
                </img>
                <span class="method-name">sc8</span>
                <span class="method-start">977316 ms</span>
              </div> <!-- test-method -->
              <div class="test-method">
                <img src="failed.png">
                </img>
                <span class="method-name">sc9</span>
                <span class="method-start">1034380 ms</span>
              </div> <!-- test-method -->
              <div class="test-method">
                <img src="failed.png">
                </img>
                <span class="method-name">sc10</span>
                <span class="method-start">1123731 ms</span>
              </div> <!-- test-method -->
              <div class="configuration-class after">
                <span class="method-name">tear</span>
                <span class="method-start">1187300 ms</span>
              </div> <!-- configuration-class after -->
            </div> <!-- chronological-class -->
            <div class="chronological-class">
              <div class="chronological-class-name">com.entry.testcases.IncorpBefore_SetcomAfter_Greaterthan2year</div> <!-- chronological-class-name -->
              <div class="configuration-class before">
                <span class="method-name">setup</span>
                <span class="method-start">1187580 ms</span>
              </div> <!-- configuration-class before -->
              <div class="test-method">
                <span class="method-name">sc3</span>
                <span class="method-start">1188280 ms</span>
              </div> <!-- test-method -->
              <div class="test-method">
                <span class="method-name">sc7</span>
                <span class="method-start">1260516 ms</span>
              </div> <!-- test-method -->
              <div class="test-method">
                <span class="method-name">sc8</span>
                <span class="method-start">1342376 ms</span>
              </div> <!-- test-method -->
              <div class="test-method">
                <img src="failed.png">
                </img>
                <span class="method-name">sc9</span>
                <span class="method-start">1423531 ms</span>
              </div> <!-- test-method -->
              <div class="test-method">
                <img src="failed.png">
                </img>
                <span class="method-name">sc10</span>
                <span class="method-start">1514896 ms</span>
              </div> <!-- test-method -->
              <div class="configuration-class after">
                <span class="method-name">tear</span>
                <span class="method-start">1577918 ms</span>
              </div> <!-- configuration-class after -->
          </div> <!-- main-panel-content rounded-window-bottom -->
        </div> <!-- panel -->
      </div> <!-- main-panel-root -->
    </div> <!-- wrapper -->
  </body>
<script type="text/javascript" src="testng-reports2.js"></script>
</html>
